<?xml version="1.0" encoding="utf-8"?><testsuites><testsuite name="pytest" errors="0" failures="0" skipped="0" tests="26" time="2.106" timestamp="2025-07-19T11:54:16.158105" hostname="wannacry"><testcase classname="tests.test_app.TestHealthEndpoints" name="test_index" time="0.030" /><testcase classname="tests.test_app.TestHealthEndpoints" name="test_health_check" time="0.006" /><testcase classname="tests.test_app.TestInventoryEndpoints" name="test_get_all_items" time="0.007" /><testcase classname="tests.test_app.TestInventoryEndpoints" name="test_get_existing_item" time="0.006" /><testcase classname="tests.test_app.TestInventoryEndpoints" name="test_get_nonexistent_item" time="0.005" /><testcase classname="tests.test_app.TestInventoryEndpoints" name="test_add_valid_item" time="0.009" /><testcase classname="tests.test_app.TestInventoryEndpoints" name="test_add_item_missing_name" time="0.006" /><testcase classname="tests.test_app.TestInventoryEndpoints" name="test_add_item_missing_stock" time="0.005" /><testcase classname="tests.test_app.TestInventoryEndpoints" name="test_add_item_invalid_stock" time="0.002" /><testcase classname="tests.test_app.TestInventoryEndpoints" name="test_add_item_empty_name" time="0.002" /><testcase classname="tests.test_app.TestInventoryEndpoints" name="test_update_existing_item" time="0.007" /><testcase classname="tests.test_app.TestInventoryEndpoints" name="test_update_nonexistent_item" time="0.003" /><testcase classname="tests.test_app.TestInventoryEndpoints" name="test_delete_existing_item" time="0.008" /><testcase classname="tests.test_app.TestInventoryEndpoints" name="test_delete_nonexistent_item" time="0.004" /><testcase classname="tests.test_app.TestDataValidation" name="test_validate_valid_item" time="0.001" /><testcase classname="tests.test_app.TestDataValidation" name="test_validate_missing_name" time="0.002" /><testcase classname="tests.test_app.TestDataValidation" name="test_validate_missing_stock" time="0.001" /><testcase classname="tests.test_app.TestDataValidation" name="test_validate_negative_stock" time="0.001" /><testcase classname="tests.test_app.TestDataValidation" name="test_validate_empty_name" time="0.001" /><testcase classname="tests.test_app.TestDataValidation" name="test_validate_none_data" time="0.001" /><testcase classname="tests.test_integration.TestIntegration" name="test_full_crud_workflow" time="0.010" /><testcase classname="tests.test_integration.TestIntegration" name="test_api_error_handling" time="0.003" /><testcase classname="tests.test_integration.TestIntegration" name="test_metrics_endpoint" time="0.007" /><testcase classname="tests.test_performance.TestPerformance" name="test_response_time_get_items" time="0.002" /><testcase classname="tests.test_performance.TestPerformance" name="test_concurrent_requests" time="0.007" /><testcase classname="tests.test_performance.TestPerformance" name="test_load_test_simple" time="0.031" /></testsuite></testsuites>